Voxel_Final_Build/launcher/build/intermediates/manifest_merge_blame_file/debug/manifest-merger-blame-debug-report.txt
1<?xml version="1.0" encoding="utf-8"?>
2<manifest xmlns:android="http://schemas.android.com/apk/res/android"
3    package="com.DevKxm.VoxelLabyrinth"
4    android:installLocation="preferExternal"
5    android:versionCode="1"
6    android:versionName="1.0.0" >
7
8    <uses-sdk
9        android:minSdkVersion="24"
9-->src\main\AndroidManifest.xml
10        android:targetSdkVersion="34" />
10-->src\main\AndroidManifest.xml
11
12    <supports-screens
12-->src\main\AndroidManifest.xml:4:3-163
13        android:anyDensity="true"
13-->src\main\AndroidManifest.xml:4:135-160
14        android:largeScreens="true"
14-->src\main\AndroidManifest.xml:4:78-105
15        android:normalScreens="true"
15-->src\main\AndroidManifest.xml:4:49-77
16        android:smallScreens="true"
16-->src\main\AndroidManifest.xml:4:21-48
17        android:xlargeScreens="true" />
17-->src\main\AndroidManifest.xml:4:106-134
18
19    <uses-permission android:name="android.permission.INTERNET" />
19-->[:unityLibrary] AndroidManifest.xml:10:5-67
19-->[:unityLibrary] AndroidManifest.xml:10:22-64
20
21    <uses-feature android:glEsVersion="0x00030000" />
21-->[:unityLibrary] AndroidManifest.xml:12:5-54
21-->[:unityLibrary] AndroidManifest.xml:12:19-51
22    <uses-feature
22-->[:unityLibrary] AndroidManifest.xml:13:5-15:36
23        android:name="android.hardware.vulkan.version"
23-->[:unityLibrary] AndroidManifest.xml:14:9-55
24        android:required="false" />
24-->[:unityLibrary] AndroidManifest.xml:15:9-33
25    <uses-feature
25-->[:unityLibrary] AndroidManifest.xml:16:5-18:36
26        android:name="android.hardware.touchscreen"
26-->[:unityLibrary] AndroidManifest.xml:17:9-52
27        android:required="false" />
27-->[:unityLibrary] AndroidManifest.xml:18:9-33
28    <uses-feature
28-->[:unityLibrary] AndroidManifest.xml:19:5-21:36
29        android:name="android.hardware.touchscreen.multitouch"
29-->[:unityLibrary] AndroidManifest.xml:20:9-63
30        android:required="false" />
30-->[:unityLibrary] AndroidManifest.xml:21:9-33
31    <uses-feature
31-->[:unityLibrary] AndroidManifest.xml:22:5-24:36
32        android:name="android.hardware.touchscreen.multitouch.distinct"
32-->[:unityLibrary] AndroidManifest.xml:23:9-72
33        android:required="false" /> <!-- Although the *SdkVersion is captured in gradle build files, this is required for non gradle builds -->
33-->[:unityLibrary] AndroidManifest.xml:24:9-33
34    <!-- <uses-sdk android:minSdkVersion="21"/> -->
35    <uses-permission android:name="android.permission.ACCESS_NETWORK_STATE" />
35-->[com.google.firebase:firebase-database:22.0.1] AndroidManifest.xml:22:5-79
35-->[com.google.firebase:firebase-database:22.0.1] AndroidManifest.xml:22:22-76
36    <uses-permission android:name="android.permission.WAKE_LOCK" />
36-->[com.google.android.gms:play-services-measurement:23.0.0] AndroidManifest.xml:25:5-68
36-->[com.google.android.gms:play-services-measurement:23.0.0] AndroidManifest.xml:25:22-65
37    <uses-permission android:name="com.google.android.finsky.permission.BIND_GET_INSTALL_REFERRER_SERVICE" />
37-->[com.google.android.gms:play-services-measurement:23.0.0] AndroidManifest.xml:26:5-110
37-->[com.google.android.gms:play-services-measurement:23.0.0] AndroidManifest.xml:26:22-107
38    <uses-permission android:name="com.google.android.gms.permission.AD_ID" />
38-->[com.google.android.gms:play-services-measurement-impl:23.0.0] AndroidManifest.xml:27:5-79
38-->[com.google.android.gms:play-services-measurement-impl:23.0.0] AndroidManifest.xml:27:22-76
39    <uses-permission android:name="android.permission.ACCESS_ADSERVICES_ATTRIBUTION" />
39-->[com.google.android.gms:play-services-measurement-api:23.0.0] AndroidManifest.xml:26:5-88
39-->[com.google.android.gms:play-services-measurement-api:23.0.0] AndroidManifest.xml:26:22-85
40    <uses-permission android:name="android.permission.ACCESS_ADSERVICES_AD_ID" />
40-->[com.google.android.gms:play-services-measurement-api:23.0.0] AndroidManifest.xml:27:5-82
40-->[com.google.android.gms:play-services-measurement-api:23.0.0] AndroidManifest.xml:27:22-79
41    <uses-permission android:name="android.permission.POST_NOTIFICATIONS" />
41-->[:unityLibrary:mobilenotifications.androidlib] AndroidManifest.xml:9:5-77
41-->[:unityLibrary:mobilenotifications.androidlib] AndroidManifest.xml:9:22-74
42    <uses-permission android:name="android.permission.RECEIVE_BOOT_COMPLETED" />
42-->[:unityLibrary:mobilenotifications.androidlib] AndroidManifest.xml:10:5-81
42-->[:unityLibrary:mobilenotifications.androidlib] AndroidManifest.xml:10:22-78
43    <uses-permission android:name="android.permission.SCHEDULE_EXACT_ALARM" />
43-->[:unityLibrary:mobilenotifications.androidlib] AndroidManifest.xml:11:5-79
43-->[:unityLibrary:mobilenotifications.androidlib] AndroidManifest.xml:11:22-76
44    <uses-permission android:name="com.google.android.providers.gsf.permission.READ_GSERVICES" />
44-->[com.google.android.recaptcha:recaptcha:18.6.1] AndroidManifest.xml:9:5-98
44-->[com.google.android.recaptcha:recaptcha:18.6.1] AndroidManifest.xml:9:22-95
45
46    <permission
46-->[androidx.core:core:1.9.0] AndroidManifest.xml:22:5-24:47
47        android:name="com.DevKxm.VoxelLabyrinth.DYNAMIC_RECEIVER_NOT_EXPORTED_PERMISSION"
47-->[androidx.core:core:1.9.0] AndroidManifest.xml:23:9-81
48        android:protectionLevel="signature" />
48-->[androidx.core:core:1.9.0] AndroidManifest.xml:24:9-44
49
50    <uses-permission android:name="com.DevKxm.VoxelLabyrinth.DYNAMIC_RECEIVER_NOT_EXPORTED_PERMISSION" />
50-->[androidx.core:core:1.9.0] AndroidManifest.xml:26:5-97
50-->[androidx.core:core:1.9.0] AndroidManifest.xml:26:22-94
51
52    <application
52-->src\main\AndroidManifest.xml:3:3-83
53        android:appComponentFactory="androidx.core.app.CoreComponentFactory"
53-->[androidx.core:core:1.9.0] AndroidManifest.xml:28:18-86
54        android:debuggable="true"
55        android:extractNativeLibs="true"
55-->[:unityLibrary] AndroidManifest.xml:26:18-50
56        android:icon="@mipmap/app_icon"
56-->src\main\AndroidManifest.xml:3:49-80
57        android:label="@string/app_name" >
57-->src\main\AndroidManifest.xml:3:16-48
58        <meta-data
58-->[:unityLibrary] AndroidManifest.xml:27:9-29:33
59            android:name="unity.splash-mode"
59-->[:unityLibrary] AndroidManifest.xml:28:13-45
60            android:value="0" />
60-->[:unityLibrary] AndroidManifest.xml:29:13-30
61        <meta-data
61-->[:unityLibrary] AndroidManifest.xml:30:9-32:36
62            android:name="unity.splash-enable"
62-->[:unityLibrary] AndroidManifest.xml:31:13-47
63            android:value="True" />
63-->[:unityLibrary] AndroidManifest.xml:32:13-33
64        <meta-data
64-->[:unityLibrary] AndroidManifest.xml:33:9-35:36
65            android:name="unity.launch-fullscreen"
65-->[:unityLibrary] AndroidManifest.xml:34:13-51
66            android:value="True" />
66-->[:unityLibrary] AndroidManifest.xml:35:13-33
67        <meta-data
67-->[:unityLibrary] AndroidManifest.xml:36:9-38:37
68            android:name="unity.allow-resizable-window"
68-->[:unityLibrary] AndroidManifest.xml:37:13-56
69            android:value="False" />
69-->[:unityLibrary] AndroidManifest.xml:38:13-34
70        <meta-data
70-->[:unityLibrary] AndroidManifest.xml:39:9-41:50
71            android:name="notch.config"
71-->[:unityLibrary] AndroidManifest.xml:40:13-40
72            android:value="portrait|landscape" />
72-->[:unityLibrary] AndroidManifest.xml:41:13-47
73        <meta-data
73-->[:unityLibrary] AndroidManifest.xml:42:9-44:36
74            android:name="unity.auto-report-fully-drawn"
74-->[:unityLibrary] AndroidManifest.xml:43:13-57
75            android:value="true" />
75-->[:unityLibrary] AndroidManifest.xml:44:13-33
76
77        <activity
77-->[:unityLibrary] AndroidManifest.xml:46:9-67:20
78            android:name="com.unity3d.player.UnityPlayerActivity"
78-->[:unityLibrary] AndroidManifest.xml:47:13-66
79            android:configChanges="mcc|mnc|locale|touchscreen|keyboard|keyboardHidden|navigation|orientation|screenLayout|uiMode|screenSize|smallestScreenSize|fontScale|layoutDirection|density"
79-->[:unityLibrary] AndroidManifest.xml:48:13-194
80            android:exported="true"
80-->[:unityLibrary] AndroidManifest.xml:49:13-36
81            android:hardwareAccelerated="false"
81-->[:unityLibrary] AndroidManifest.xml:50:13-48
82            android:launchMode="singleTask"
82-->[:unityLibrary] AndroidManifest.xml:51:13-44
83            android:resizeableActivity="false"
83-->[:unityLibrary] AndroidManifest.xml:52:13-47
84            android:screenOrientation="fullUser"
84-->[:unityLibrary] AndroidManifest.xml:53:13-49
85            android:theme="@style/UnityThemeSelector" >
85-->[:unityLibrary] AndroidManifest.xml:54:13-54
86            <intent-filter>
86-->[:unityLibrary] AndroidManifest.xml:55:13-59:29
87                <category android:name="android.intent.category.LAUNCHER" />
87-->[:unityLibrary] AndroidManifest.xml:56:17-77
87-->[:unityLibrary] AndroidManifest.xml:56:27-74
88
89                <action android:name="android.intent.action.MAIN" />
89-->[:unityLibrary] AndroidManifest.xml:58:17-69
89-->[:unityLibrary] AndroidManifest.xml:58:25-66
90            </intent-filter>
91
92            <meta-data
92-->[:unityLibrary] AndroidManifest.xml:61:13-63:40
93                android:name="unityplayer.UnityActivity"
93-->[:unityLibrary] AndroidManifest.xml:62:17-57
94                android:value="true" />
94-->[:unityLibrary] AndroidManifest.xml:63:17-37
95            <meta-data
95-->[:unityLibrary] AndroidManifest.xml:64:13-66:40
96                android:name="notch_support"
96-->[:unityLibrary] AndroidManifest.xml:65:17-45
97                android:value="true" />
97-->[:unityLibrary] AndroidManifest.xml:66:17-37
98        </activity>
99
100        <service
100-->[com.google.firebase:firebase-database:22.0.1] AndroidManifest.xml:26:9-35:19
101            android:name="com.google.firebase.components.ComponentDiscoveryService"
101-->[com.google.firebase:firebase-database:22.0.1] AndroidManifest.xml:27:13-84
102            android:directBootAware="true"
102-->[com.google.firebase:firebase-common:22.0.1] AndroidManifest.xml:32:13-43
103            android:exported="false" >
103-->[com.google.firebase:firebase-database:22.0.1] AndroidManifest.xml:28:13-37
104            <meta-data
104-->[com.google.firebase:firebase-database:22.0.1] AndroidManifest.xml:29:13-31:85
105                android:name="com.google.firebase.components:com.google.firebase.database.FirebaseDatabaseKtxRegistrar"
105-->[com.google.firebase:firebase-database:22.0.1] AndroidManifest.xml:30:17-120
106                android:value="com.google.firebase.components.ComponentRegistrar" />
106-->[com.google.firebase:firebase-database:22.0.1] AndroidManifest.xml:31:17-82
107            <meta-data
107-->[com.google.firebase:firebase-database:22.0.1] AndroidManifest.xml:32:13-34:85
108                android:name="com.google.firebase.components:com.google.firebase.database.DatabaseRegistrar"
108-->[com.google.firebase:firebase-database:22.0.1] AndroidManifest.xml:33:17-109
109                android:value="com.google.firebase.components.ComponentRegistrar" />
109-->[com.google.firebase:firebase-database:22.0.1] AndroidManifest.xml:34:17-82
110            <meta-data
110-->[com.google.firebase:firebase-auth:24.0.1] AndroidManifest.xml:69:13-71:85
111                android:name="com.google.firebase.components:com.google.firebase.auth.FirebaseAuthRegistrar"
111-->[com.google.firebase:firebase-auth:24.0.1] AndroidManifest.xml:70:17-109
112                android:value="com.google.firebase.components.ComponentRegistrar" />
112-->[com.google.firebase:firebase-auth:24.0.1] AndroidManifest.xml:71:17-82
113            <meta-data
113-->[com.google.android.gms:play-services-measurement-api:23.0.0] AndroidManifest.xml:33:13-35:85
114                android:name="com.google.firebase.components:com.google.firebase.analytics.connector.internal.AnalyticsConnectorRegistrar"
114-->[com.google.android.gms:play-services-measurement-api:23.0.0] AndroidManifest.xml:34:17-139
115                android:value="com.google.firebase.components.ComponentRegistrar" />
115-->[com.google.android.gms:play-services-measurement-api:23.0.0] AndroidManifest.xml:35:17-82
116            <meta-data
116-->[com.google.firebase:firebase-installations:17.0.1] AndroidManifest.xml:18:13-20:85
117                android:name="com.google.firebase.components:com.google.firebase.installations.FirebaseInstallationsRegistrar"
117-->[com.google.firebase:firebase-installations:17.0.1] AndroidManifest.xml:19:17-127
118                android:value="com.google.firebase.components.ComponentRegistrar" />
118-->[com.google.firebase:firebase-installations:17.0.1] AndroidManifest.xml:20:17-82
119            <meta-data
119-->[com.google.firebase:firebase-common:22.0.1] AndroidManifest.xml:35:13-37:85
120                android:name="com.google.firebase.components:com.google.firebase.FirebaseCommonKtxRegistrar"
120-->[com.google.firebase:firebase-common:22.0.1] AndroidManifest.xml:36:17-109
121                android:value="com.google.firebase.components.ComponentRegistrar" />
121-->[com.google.firebase:firebase-common:22.0.1] AndroidManifest.xml:37:17-82
122        </service>
123
124        <activity
124-->[com.google.firebase:firebase-auth:24.0.1] AndroidManifest.xml:29:9-46:20
125            android:name="com.google.firebase.auth.internal.GenericIdpActivity"
125-->[com.google.firebase:firebase-auth:24.0.1] AndroidManifest.xml:30:13-80
126            android:excludeFromRecents="true"
126-->[com.google.firebase:firebase-auth:24.0.1] AndroidManifest.xml:31:13-46
127            android:exported="true"
127-->[com.google.firebase:firebase-auth:24.0.1] AndroidManifest.xml:32:13-36
128            android:launchMode="singleTask"
128-->[com.google.firebase:firebase-auth:24.0.1] AndroidManifest.xml:33:13-44
129            android:theme="@android:style/Theme.Translucent.NoTitleBar" >
129-->[com.google.firebase:firebase-auth:24.0.1] AndroidManifest.xml:34:13-72
130            <intent-filter>
130-->[com.google.firebase:firebase-auth:24.0.1] AndroidManifest.xml:35:13-45:29
131                <action android:name="android.intent.action.VIEW" />
131-->[com.google.firebase:firebase-auth:24.0.1] AndroidManifest.xml:36:17-69
131-->[com.google.firebase:firebase-auth:24.0.1] AndroidManifest.xml:36:25-66
132
133                <category android:name="android.intent.category.DEFAULT" />
133-->[com.google.firebase:firebase-auth:24.0.1] AndroidManifest.xml:38:17-76
133-->[com.google.firebase:firebase-auth:24.0.1] AndroidManifest.xml:38:27-73
134                <category android:name="android.intent.category.BROWSABLE" />
134-->[com.google.firebase:firebase-auth:24.0.1] AndroidManifest.xml:39:17-78
134-->[com.google.firebase:firebase-auth:24.0.1] AndroidManifest.xml:39:27-75
135
136                <data
136-->[com.google.firebase:firebase-auth:24.0.1] AndroidManifest.xml:41:17-44:51
137                    android:host="firebase.auth"
137-->[com.google.firebase:firebase-auth:24.0.1] AndroidManifest.xml:42:21-49
138                    android:path="/"
138-->[com.google.firebase:firebase-auth:24.0.1] AndroidManifest.xml:43:21-37
139                    android:scheme="genericidp" />
139-->[com.google.firebase:firebase-auth:24.0.1] AndroidManifest.xml:44:21-48
140            </intent-filter>
141        </activity>
142        <activity
142-->[com.google.firebase:firebase-auth:24.0.1] AndroidManifest.xml:47:9-64:20
143            android:name="com.google.firebase.auth.internal.RecaptchaActivity"
143-->[com.google.firebase:firebase-auth:24.0.1] AndroidManifest.xml:48:13-79
144            android:excludeFromRecents="true"
144-->[com.google.firebase:firebase-auth:24.0.1] AndroidManifest.xml:49:13-46
145            android:exported="true"
145-->[com.google.firebase:firebase-auth:24.0.1] AndroidManifest.xml:50:13-36
146            android:launchMode="singleTask"
146-->[com.google.firebase:firebase-auth:24.0.1] AndroidManifest.xml:51:13-44
147            android:theme="@android:style/Theme.Translucent.NoTitleBar" >
147-->[com.google.firebase:firebase-auth:24.0.1] AndroidManifest.xml:52:13-72
148            <intent-filter>
148-->[com.google.firebase:firebase-auth:24.0.1] AndroidManifest.xml:53:13-63:29
149                <action android:name="android.intent.action.VIEW" />
149-->[com.google.firebase:firebase-auth:24.0.1] AndroidManifest.xml:36:17-69
149-->[com.google.firebase:firebase-auth:24.0.1] AndroidManifest.xml:36:25-66
150
151                <category android:name="android.intent.category.DEFAULT" />
151-->[com.google.firebase:firebase-auth:24.0.1] AndroidManifest.xml:38:17-76
151-->[com.google.firebase:firebase-auth:24.0.1] AndroidManifest.xml:38:27-73
152                <category android:name="android.intent.category.BROWSABLE" />
152-->[com.google.firebase:firebase-auth:24.0.1] AndroidManifest.xml:39:17-78
152-->[com.google.firebase:firebase-auth:24.0.1] AndroidManifest.xml:39:27-75
153
154                <data
154-->[com.google.firebase:firebase-auth:24.0.1] AndroidManifest.xml:41:17-44:51
155                    android:host="firebase.auth"
155-->[com.google.firebase:firebase-auth:24.0.1] AndroidManifest.xml:42:21-49
156                    android:path="/"
156-->[com.google.firebase:firebase-auth:24.0.1] AndroidManifest.xml:43:21-37
157                    android:scheme="recaptcha" />
157-->[com.google.firebase:firebase-auth:24.0.1] AndroidManifest.xml:44:21-48
158            </intent-filter>
159        </activity>
160
161        <service
161-->[androidx.credentials:credentials-play-services-auth:1.2.0-rc01] AndroidManifest.xml:24:9-32:19
162            android:name="androidx.credentials.playservices.CredentialProviderMetadataHolder"
162-->[androidx.credentials:credentials-play-services-auth:1.2.0-rc01] AndroidManifest.xml:25:13-94
163            android:enabled="true"
163-->[androidx.credentials:credentials-play-services-auth:1.2.0-rc01] AndroidManifest.xml:26:13-35
164            android:exported="false" >
164-->[androidx.credentials:credentials-play-services-auth:1.2.0-rc01] AndroidManifest.xml:27:13-37
165            <meta-data
165-->[androidx.credentials:credentials-play-services-auth:1.2.0-rc01] AndroidManifest.xml:29:13-31:104
166                android:name="androidx.credentials.CREDENTIAL_PROVIDER_KEY"
166-->[androidx.credentials:credentials-play-services-auth:1.2.0-rc01] AndroidManifest.xml:30:17-76
167                android:value="androidx.credentials.playservices.CredentialProviderPlayServicesImpl" />
167-->[androidx.credentials:credentials-play-services-auth:1.2.0-rc01] AndroidManifest.xml:31:17-101
168        </service>
169
170        <activity
170-->[androidx.credentials:credentials-play-services-auth:1.2.0-rc01] AndroidManifest.xml:34:9-41:20
171            android:name="androidx.credentials.playservices.HiddenActivity"
171-->[androidx.credentials:credentials-play-services-auth:1.2.0-rc01] AndroidManifest.xml:35:13-76
172            android:configChanges="orientation|screenSize|screenLayout|keyboardHidden"
172-->[androidx.credentials:credentials-play-services-auth:1.2.0-rc01] AndroidManifest.xml:36:13-87
173            android:enabled="true"
173-->[androidx.credentials:credentials-play-services-auth:1.2.0-rc01] AndroidManifest.xml:37:13-35
174            android:exported="false"
174-->[androidx.credentials:credentials-play-services-auth:1.2.0-rc01] AndroidManifest.xml:38:13-37
175            android:fitsSystemWindows="true"
175-->[androidx.credentials:credentials-play-services-auth:1.2.0-rc01] AndroidManifest.xml:39:13-45
176            android:theme="@style/Theme.Hidden" >
176-->[androidx.credentials:credentials-play-services-auth:1.2.0-rc01] AndroidManifest.xml:40:13-48
177        </activity>
178        <activity
178-->[com.google.android.gms:play-services-auth:20.7.0] AndroidManifest.xml:23:9-27:75
179            android:name="com.google.android.gms.auth.api.signin.internal.SignInHubActivity"
179-->[com.google.android.gms:play-services-auth:20.7.0] AndroidManifest.xml:24:13-93
180            android:excludeFromRecents="true"
180-->[com.google.android.gms:play-services-auth:20.7.0] AndroidManifest.xml:25:13-46
181            android:exported="false"
181-->[com.google.android.gms:play-services-auth:20.7.0] AndroidManifest.xml:26:13-37
182            android:theme="@android:style/Theme.Translucent.NoTitleBar" />
182-->[com.google.android.gms:play-services-auth:20.7.0] AndroidManifest.xml:27:13-72
183        <!--
184            Service handling Google Sign-In user revocation. For apps that do not integrate with
185            Google Sign-In, this service will never be started.
186        -->
187        <service
187-->[com.google.android.gms:play-services-auth:20.7.0] AndroidManifest.xml:33:9-37:51
188            android:name="com.google.android.gms.auth.api.signin.RevocationBoundService"
188-->[com.google.android.gms:play-services-auth:20.7.0] AndroidManifest.xml:34:13-89
189            android:exported="true"
189-->[com.google.android.gms:play-services-auth:20.7.0] AndroidManifest.xml:35:13-36
190            android:permission="com.google.android.gms.auth.api.signin.permission.REVOCATION_NOTIFICATION"
190-->[com.google.android.gms:play-services-auth:20.7.0] AndroidManifest.xml:36:13-107
191            android:visibleToInstantApps="true" />
191-->[com.google.android.gms:play-services-auth:20.7.0] AndroidManifest.xml:37:13-48
192
193        <receiver
193-->[com.google.android.gms:play-services-measurement:23.0.0] AndroidManifest.xml:29:9-33:20
194            android:name="com.google.android.gms.measurement.AppMeasurementReceiver"
194-->[com.google.android.gms:play-services-measurement:23.0.0] AndroidManifest.xml:30:13-85
195            android:enabled="true"
195-->[com.google.android.gms:play-services-measurement:23.0.0] AndroidManifest.xml:31:13-35
196            android:exported="false" >
196-->[com.google.android.gms:play-services-measurement:23.0.0] AndroidManifest.xml:32:13-37
197        </receiver>
198
199        <service
199-->[com.google.android.gms:play-services-measurement:23.0.0] AndroidManifest.xml:35:9-38:40
200            android:name="com.google.android.gms.measurement.AppMeasurementService"
200-->[com.google.android.gms:play-services-measurement:23.0.0] AndroidManifest.xml:36:13-84
201            android:enabled="true"
201-->[com.google.android.gms:play-services-measurement:23.0.0] AndroidManifest.xml:37:13-35
202            android:exported="false" />
202-->[com.google.android.gms:play-services-measurement:23.0.0] AndroidManifest.xml:38:13-37
203        <service
203-->[com.google.android.gms:play-services-measurement:23.0.0] AndroidManifest.xml:39:9-43:72
204            android:name="com.google.android.gms.measurement.AppMeasurementJobService"
204-->[com.google.android.gms:play-services-measurement:23.0.0] AndroidManifest.xml:40:13-87
205            android:enabled="true"
205-->[com.google.android.gms:play-services-measurement:23.0.0] AndroidManifest.xml:41:13-35
206            android:exported="false"
206-->[com.google.android.gms:play-services-measurement:23.0.0] AndroidManifest.xml:42:13-37
207            android:permission="android.permission.BIND_JOB_SERVICE" />
207-->[com.google.android.gms:play-services-measurement:23.0.0] AndroidManifest.xml:43:13-69
208
209        <activity
209-->[com.google.android.gms:play-services-base:18.9.0] AndroidManifest.xml:20:9-22:45
210            android:name="com.google.android.gms.common.api.GoogleApiActivity"
210-->[com.google.android.gms:play-services-base:18.9.0] AndroidManifest.xml:20:19-85
211            android:exported="false"
211-->[com.google.android.gms:play-services-base:18.9.0] AndroidManifest.xml:22:19-43
212            android:theme="@android:style/Theme.Translucent.NoTitleBar" />
212-->[com.google.android.gms:play-services-base:18.9.0] AndroidManifest.xml:21:19-78
213
214        <provider
214-->[com.google.firebase:firebase-common:22.0.1] AndroidManifest.xml:23:9-28:39
215            android:name="com.google.firebase.provider.FirebaseInitProvider"
215-->[com.google.firebase:firebase-common:22.0.1] AndroidManifest.xml:24:13-77
216            android:authorities="com.DevKxm.VoxelLabyrinth.firebaseinitprovider"
216-->[com.google.firebase:firebase-common:22.0.1] AndroidManifest.xml:25:13-72
217            android:directBootAware="true"
217-->[com.google.firebase:firebase-common:22.0.1] AndroidManifest.xml:26:13-43
218            android:exported="false"
218-->[com.google.firebase:firebase-common:22.0.1] AndroidManifest.xml:27:13-37
219            android:initOrder="100" />
219-->[com.google.firebase:firebase-common:22.0.1] AndroidManifest.xml:28:13-36
220
221        <receiver
221-->[:unityLibrary:mobilenotifications.androidlib] AndroidManifest.xml:14:9-16:40
222            android:name="com.unity.androidnotifications.UnityNotificationManager"
222-->[:unityLibrary:mobilenotifications.androidlib] AndroidManifest.xml:15:13-83
223            android:exported="false" />
223-->[:unityLibrary:mobilenotifications.androidlib] AndroidManifest.xml:16:13-37
224        <receiver
224-->[:unityLibrary:mobilenotifications.androidlib] AndroidManifest.xml:17:9-24:20
225            android:name="com.unity.androidnotifications.UnityNotificationRestartReceiver"
225-->[:unityLibrary:mobilenotifications.androidlib] AndroidManifest.xml:18:13-91
226            android:enabled="false"
226-->[:unityLibrary:mobilenotifications.androidlib] AndroidManifest.xml:19:13-36
227            android:exported="false" >
227-->[:unityLibrary:mobilenotifications.androidlib] AndroidManifest.xml:20:13-37
228            <intent-filter>
228-->[:unityLibrary:mobilenotifications.androidlib] AndroidManifest.xml:21:13-23:29
229                <action android:name="android.intent.action.BOOT_COMPLETED" />
229-->[:unityLibrary:mobilenotifications.androidlib] AndroidManifest.xml:22:17-79
229-->[:unityLibrary:mobilenotifications.androidlib] AndroidManifest.xml:22:25-76
230            </intent-filter>
231        </receiver>
232
233        <meta-data
233-->[:unityLibrary:mobilenotifications.androidlib] AndroidManifest.xml:26:9-28:36
234            android:name="reschedule_notifications_on_restart"
234-->[:unityLibrary:mobilenotifications.androidlib] AndroidManifest.xml:27:13-63
235            android:value="true" />
235-->[:unityLibrary:mobilenotifications.androidlib] AndroidManifest.xml:28:13-33
236        <meta-data
236-->[:unityLibrary:mobilenotifications.androidlib] AndroidManifest.xml:29:9-31:33
237            android:name="com.unity.androidnotifications.exact_scheduling"
237-->[:unityLibrary:mobilenotifications.androidlib] AndroidManifest.xml:30:13-75
238            android:value="0" />
238-->[:unityLibrary:mobilenotifications.androidlib] AndroidManifest.xml:31:13-30
239
240        <uses-library
240-->[androidx.privacysandbox.ads:ads-adservices:1.1.0-beta11] AndroidManifest.xml:23:9-25:40
241            android:name="android.ext.adservices"
241-->[androidx.privacysandbox.ads:ads-adservices:1.1.0-beta11] AndroidManifest.xml:24:13-50
242            android:required="false" />
242-->[androidx.privacysandbox.ads:ads-adservices:1.1.0-beta11] AndroidManifest.xml:25:13-37
243
244        <meta-data
244-->[com.google.android.gms:play-services-basement:18.9.0] AndroidManifest.xml:21:9-23:69
245            android:name="com.google.android.gms.version"
245-->[com.google.android.gms:play-services-basement:18.9.0] AndroidManifest.xml:22:13-58
246            android:value="@integer/google_play_services_version" /> <!-- The activities will be merged into the manifest of the hosting app. -->
246-->[com.google.android.gms:play-services-basement:18.9.0] AndroidManifest.xml:23:13-66
247        <activity
247-->[com.google.android.play:core-common:2.0.3] AndroidManifest.xml:14:9-18:65
248            android:name="com.google.android.play.core.common.PlayCoreDialogWrapperActivity"
248-->[com.google.android.play:core-common:2.0.3] AndroidManifest.xml:15:13-93
249            android:exported="false"
249-->[com.google.android.play:core-common:2.0.3] AndroidManifest.xml:16:13-37
250            android:stateNotNeeded="true"
250-->[com.google.android.play:core-common:2.0.3] AndroidManifest.xml:17:13-42
251            android:theme="@style/Theme.PlayCore.Transparent" />
251-->[com.google.android.play:core-common:2.0.3] AndroidManifest.xml:18:13-62
252    </application>
253
254</manifest>